<?xml version="1.0" ?>
<!DOCTYPE coverage SYSTEM "http://cobertura.sourceforge.net/xml/coverage-04.dtd">
<coverage lines-valid="968" lines-covered="543" line-rate="0.5609000000000001" branches-valid="877" branches-covered="378" branch-rate="0.431" timestamp="1724498387719" complexity="0" version="0.1">
  <sources>
    <source>/Users/avan/code/open-source/react-slick</source>
  </sources>
  <packages>
    <package name="src" line-rate="0.6074" branch-rate="0.4753">
      <classes>
        <class name="arrows.js" filename="src/arrows.js" line-rate="0.9285" branch-rate="0.7333">
          <methods>
            <method name="(anonymous_0)" hits="113" signature="()V">
              <lines>
                <line number="8" hits="113"/>
              </lines>
            </method>
            <method name="(anonymous_1)" hits="334" signature="()V">
              <lines>
                <line number="14" hits="334"/>
              </lines>
            </method>
            <method name="(anonymous_2)" hits="137" signature="()V">
              <lines>
                <line number="59" hits="137"/>
              </lines>
            </method>
            <method name="(anonymous_3)" hits="333" signature="()V">
              <lines>
                <line number="65" hits="333"/>
              </lines>
            </method>
          </methods>
          <lines>
            <line number="9" hits="113" branch="true" condition-coverage="50% (1/2)"/>
            <line number="10" hits="113" branch="false"/>
            <line number="12" hits="113" branch="false"/>
            <line number="15" hits="334" branch="false"/>
            <line number="16" hits="334" branch="false"/>
            <line number="18" hits="334" branch="true" condition-coverage="100% (2/2)"/>
            <line number="23" hits="3" branch="false"/>
            <line number="24" hits="3" branch="false"/>
            <line number="27" hits="334" branch="false"/>
            <line number="34" hits="334" branch="false"/>
            <line number="40" hits="334" branch="true" condition-coverage="50% (1/2)"/>
            <line number="41" hits="0" branch="false"/>
            <line number="46" hits="334" branch="false"/>
            <line number="54" hits="334" branch="false"/>
            <line number="60" hits="137" branch="true" condition-coverage="50% (1/2)"/>
            <line number="61" hits="137" branch="false"/>
            <line number="63" hits="137" branch="false"/>
            <line number="66" hits="333" branch="false"/>
            <line number="67" hits="333" branch="false"/>
            <line number="69" hits="333" branch="true" condition-coverage="100% (2/2)"/>
            <line number="70" hits="1" branch="false"/>
            <line number="71" hits="1" branch="false"/>
            <line number="74" hits="333" branch="false"/>
            <line number="81" hits="333" branch="false"/>
            <line number="87" hits="333" branch="true" condition-coverage="50% (1/2)"/>
            <line number="88" hits="0" branch="false"/>
            <line number="93" hits="333" branch="false"/>
            <line number="101" hits="333" branch="false"/>
          </lines>
        </class>
        <class name="default-props.js" filename="src/default-props.js" line-rate="1" branch-rate="1">
          <methods>
            <method name="(anonymous_0)" hits="59" signature="()V">
              <lines>
                <line number="7" hits="59"/>
              </lines>
            </method>
            <method name="(anonymous_1)" hits="233" signature="()V">
              <lines>
                <line number="16" hits="233"/>
              </lines>
            </method>
          </methods>
          <lines>
            <line number="3" hits="25" branch="false"/>
            <line number="7" hits="59" branch="false"/>
            <line number="16" hits="233" branch="false"/>
          </lines>
        </class>
        <class name="dots.js" filename="src/dots.js" line-rate="1" branch-rate="1">
          <methods>
            <method name="(anonymous_0)" hits="59" signature="()V">
              <lines>
                <line number="7" hits="59"/>
              </lines>
            </method>
            <method name="(anonymous_1)" hits="8" signature="()V">
              <lines>
                <line number="22" hits="8"/>
              </lines>
            </method>
            <method name="(anonymous_2)" hits="59" signature="()V">
              <lines>
                <line number="28" hits="59"/>
              </lines>
            </method>
          </methods>
          <lines>
            <line number="7" hits="23" branch="false"/>
            <line number="10" hits="59" branch="true" condition-coverage="100% (2/2)"/>
            <line number="11" hits="55" branch="false"/>
            <line number="13" hits="4" branch="false"/>
            <line number="18" hits="59" branch="false"/>
            <line number="25" hits="8" branch="false"/>
            <line number="26" hits="8" branch="false"/>
            <line number="38" hits="59" branch="false"/>
            <line number="39" hits="59" branch="false"/>
            <line number="46" hits="59" branch="false"/>
            <line number="47" hits="59" branch="false"/>
            <line number="48" hits="59" branch="false"/>
            <line number="49" hits="233" branch="false"/>
            <line number="50" hits="233" branch="true" condition-coverage="100% (2/2)"/>
            <line number="53" hits="233" branch="false"/>
            <line number="54" hits="233" branch="true" condition-coverage="100% (2/2)"/>
            <line number="58" hits="233" branch="false"/>
            <line number="64" hits="233" branch="false"/>
            <line number="71" hits="233" branch="false"/>
            <line number="72" hits="233" branch="false"/>
            <line number="79" hits="59" branch="false"/>
          </lines>
        </class>
        <class name="index.js" filename="src/index.js" line-rate="1" branch-rate="1">
          <methods>
          </methods>
          <lines>
          </lines>
        </class>
        <class name="initial-state.js" filename="src/initial-state.js" line-rate="1" branch-rate="1">
          <methods>
          </methods>
          <lines>
            <line number="1" hits="23" branch="false"/>
          </lines>
        </class>
        <class name="inner-slider.js" filename="src/inner-slider.js" line-rate="0.5" branch-rate="0.3822">
          <methods>
            <method name="(anonymous_0)" hits="77" signature="()V">
              <lines>
                <line number="31" hits="77"/>
              </lines>
            </method>
            <method name="(anonymous_1)" hits="154" signature="()V">
              <lines>
                <line number="47" hits="154"/>
              </lines>
            </method>
            <method name="(anonymous_2)" hits="154" signature="()V">
              <lines>
                <line number="48" hits="154"/>
              </lines>
            </method>
            <method name="(anonymous_3)" hits="412" signature="()V">
              <lines>
                <line number="49" hits="412"/>
              </lines>
            </method>
            <method name="(anonymous_4)" hits="77" signature="()V">
              <lines>
                <line number="57" hits="77"/>
              </lines>
            </method>
            <method name="(anonymous_5)" hits="8" signature="()V">
              <lines>
                <line number="65" hits="8"/>
              </lines>
            </method>
            <method name="(anonymous_6)" hits="77" signature="()V">
              <lines>
                <line number="74" hits="77"/>
              </lines>
            </method>
            <method name="(anonymous_7)" hits="0" signature="()V">
              <lines>
                <line number="81" hits="0"/>
              </lines>
            </method>
            <method name="(anonymous_8)" hits="0" signature="()V">
              <lines>
                <line number="85" hits="0"/>
              </lines>
            </method>
            <method name="(anonymous_9)" hits="1507" signature="()V">
              <lines>
                <line number="95" hits="1507"/>
              </lines>
            </method>
            <method name="(anonymous_10)" hits="77" signature="()V">
              <lines>
                <line number="106" hits="77"/>
              </lines>
            </method>
            <method name="(anonymous_11)" hits="0" signature="()V">
              <lines>
                <line number="114" hits="0"/>
              </lines>
            </method>
            <method name="(anonymous_12)" hits="335" signature="()V">
              <lines>
                <line number="128" hits="335"/>
              </lines>
            </method>
            <method name="(anonymous_13)" hits="335" signature="()V">
              <lines>
                <line number="155" hits="335"/>
              </lines>
            </method>
            <method name="(anonymous_14)" hits="0" signature="()V">
              <lines>
                <line number="164" hits="0"/>
              </lines>
            </method>
            <method name="(anonymous_15)" hits="0" signature="()V">
              <lines>
                <line number="184" hits="0"/>
              </lines>
            </method>
            <method name="(anonymous_16)" hits="0" signature="()V">
              <lines>
                <line number="210" hits="0"/>
              </lines>
            </method>
            <method name="(anonymous_17)" hits="0" signature="()V">
              <lines>
                <line number="212" hits="0"/>
              </lines>
            </method>
            <method name="(anonymous_18)" hits="0" signature="()V">
              <lines>
                <line number="215" hits="0"/>
              </lines>
            </method>
            <method name="(anonymous_19)" hits="0" signature="()V">
              <lines>
                <line number="225" hits="0"/>
              </lines>
            </method>
            <method name="(anonymous_20)" hits="77" signature="()V">
              <lines>
                <line number="236" hits="77"/>
              </lines>
            </method>
            <method name="(anonymous_21)" hits="77" signature="()V">
              <lines>
                <line number="252" hits="77"/>
              </lines>
            </method>
            <method name="(anonymous_22)" hits="0" signature="()V">
              <lines>
                <line number="267" hits="0"/>
              </lines>
            </method>
            <method name="(anonymous_23)" hits="335" signature="()V">
              <lines>
                <line number="315" hits="335"/>
              </lines>
            </method>
            <method name="(anonymous_24)" hits="12" signature="()V">
              <lines>
                <line number="323" hits="12"/>
              </lines>
            </method>
            <method name="(anonymous_25)" hits="0" signature="()V">
              <lines>
                <line number="324" hits="0"/>
              </lines>
            </method>
            <method name="(anonymous_26)" hits="0" signature="()V">
              <lines>
                <line number="327" hits="0"/>
              </lines>
            </method>
            <method name="(anonymous_27)" hits="0" signature="()V">
              <lines>
                <line number="330" hits="0"/>
              </lines>
            </method>
            <method name="(anonymous_28)" hits="0" signature="()V">
              <lines>
                <line number="337" hits="0"/>
              </lines>
            </method>
            <method name="(anonymous_29)" hits="0" signature="()V">
              <lines>
                <line number="345" hits="0"/>
              </lines>
            </method>
            <method name="(anonymous_30)" hits="0" signature="()V">
              <lines>
                <line number="353" hits="0"/>
              </lines>
            </method>
            <method name="(anonymous_31)" hits="0" signature="()V">
              <lines>
                <line number="377" hits="0"/>
              </lines>
            </method>
            <method name="(anonymous_32)" hits="259" signature="()V">
              <lines>
                <line number="390" hits="259"/>
              </lines>
            </method>
            <method name="(anonymous_33)" hits="1333" signature="()V">
              <lines>
                <line number="405" hits="1333"/>
              </lines>
            </method>
            <method name="(anonymous_34)" hits="257" signature="()V">
              <lines>
                <line number="413" hits="257"/>
              </lines>
            </method>
            <method name="(anonymous_35)" hits="0" signature="()V">
              <lines>
                <line number="420" hits="0"/>
              </lines>
            </method>
            <method name="(anonymous_36)" hits="0" signature="()V">
              <lines>
                <line number="422" hits="0"/>
              </lines>
            </method>
            <method name="(anonymous_37)" hits="0" signature="()V">
              <lines>
                <line number="424" hits="0"/>
              </lines>
            </method>
            <method name="(anonymous_38)" hits="259" signature="()V">
              <lines>
                <line number="432" hits="259"/>
              </lines>
            </method>
            <method name="(anonymous_39)" hits="1" signature="()V">
              <lines>
                <line number="447" hits="1"/>
              </lines>
            </method>
            <method name="(anonymous_40)" hits="0" signature="()V">
              <lines>
                <line number="454" hits="0"/>
              </lines>
            </method>
            <method name="(anonymous_41)" hits="1" signature="()V">
              <lines>
                <line number="458" hits="1"/>
              </lines>
            </method>
            <method name="(anonymous_42)" hits="0" signature="()V">
              <lines>
                <line number="461" hits="0"/>
              </lines>
            </method>
            <method name="(anonymous_43)" hits="0" signature="()V">
              <lines>
                <line number="462" hits="0"/>
              </lines>
            </method>
            <method name="(anonymous_44)" hits="0" signature="()V">
              <lines>
                <line number="469" hits="0"/>
              </lines>
            </method>
            <method name="(anonymous_45)" hits="0" signature="()V">
              <lines>
                <line number="472" hits="0"/>
              </lines>
            </method>
            <method name="(anonymous_46)" hits="0" signature="()V">
              <lines>
                <line number="479" hits="0"/>
              </lines>
            </method>
            <method name="(anonymous_47)" hits="0" signature="()V">
              <lines>
                <line number="493" hits="0"/>
              </lines>
            </method>
            <method name="(anonymous_48)" hits="0" signature="()V">
              <lines>
                <line number="511" hits="0"/>
              </lines>
            </method>
            <method name="(anonymous_49)" hits="0" signature="()V">
              <lines>
                <line number="515" hits="0"/>
              </lines>
            </method>
            <method name="(anonymous_50)" hits="0" signature="()V">
              <lines>
                <line number="520" hits="0"/>
              </lines>
            </method>
            <method name="(anonymous_51)" hits="0" signature="()V">
              <lines>
                <line number="523" hits="0"/>
              </lines>
            </method>
            <method name="(anonymous_52)" hits="0" signature="()V">
              <lines>
                <line number="525" hits="0"/>
              </lines>
            </method>
            <method name="(anonymous_53)" hits="0" signature="()V">
              <lines>
                <line number="528" hits="0"/>
              </lines>
            </method>
            <method name="(anonymous_54)" hits="0" signature="()V">
              <lines>
                <line number="533" hits="0"/>
              </lines>
            </method>
            <method name="(anonymous_55)" hits="0" signature="()V">
              <lines>
                <line number="546" hits="0"/>
              </lines>
            </method>
            <method name="(anonymous_56)" hits="0" signature="()V">
              <lines>
                <line number="561" hits="0"/>
              </lines>
            </method>
            <method name="(anonymous_57)" hits="0" signature="()V">
              <lines>
                <line number="586" hits="0"/>
              </lines>
            </method>
            <method name="(anonymous_58)" hits="0" signature="()V">
              <lines>
                <line number="605" hits="0"/>
              </lines>
            </method>
            <method name="(anonymous_59)" hits="0" signature="()V">
              <lines>
                <line number="606" hits="0"/>
              </lines>
            </method>
            <method name="(anonymous_60)" hits="0" signature="()V">
              <lines>
                <line number="610" hits="0"/>
              </lines>
            </method>
            <method name="(anonymous_61)" hits="0" signature="()V">
              <lines>
                <line number="611" hits="0"/>
              </lines>
            </method>
            <method name="(anonymous_62)" hits="0" signature="()V">
              <lines>
                <line number="615" hits="0"/>
              </lines>
            </method>
            <method name="(anonymous_63)" hits="0" signature="()V">
              <lines>
                <line number="616" hits="0"/>
              </lines>
            </method>
            <method name="(anonymous_64)" hits="412" signature="()V">
              <lines>
                <line number="621" hits="412"/>
              </lines>
            </method>
          </methods>
          <lines>
            <line number="32" hits="77" branch="false"/>
            <line number="33" hits="77" branch="false"/>
            <line number="34" hits="77" branch="false"/>
            <line number="35" hits="77" branch="false"/>
            <line number="41" hits="77" branch="false"/>
            <line number="42" hits="77" branch="false"/>
            <line number="43" hits="77" branch="false"/>
            <line number="44" hits="77" branch="false"/>
            <line number="45" hits="77" branch="false"/>
            <line number="47" hits="154" branch="false"/>
            <line number="48" hits="154" branch="false"/>
            <line number="49" hits="77" branch="false"/>
            <line number="50" hits="412" branch="true" condition-coverage="50% (2/4)"/>
            <line number="51" hits="0" branch="false"/>
            <line number="54" hits="0" branch="false"/>
            <line number="57" hits="77" branch="false"/>
            <line number="58" hits="77" branch="true" condition-coverage="50% (1/2)"/>
            <line number="59" hits="77" branch="true" condition-coverage="100% (2/2)"/>
            <line number="60" hits="8" branch="false"/>
            <line number="64" hits="8" branch="true" condition-coverage="50% (1/2)"/>
            <line number="65" hits="8" branch="false"/>
            <line number="68" hits="8" branch="true" condition-coverage="50% (1/2)"/>
            <line number="69" hits="0" branch="false"/>
            <line number="73" hits="77" branch="false"/>
            <line number="74" hits="77" branch="false"/>
            <line number="75" hits="77" branch="false"/>
            <line number="76" hits="77" branch="true" condition-coverage="50% (1/2)"/>
            <line number="78" hits="77" branch="true" condition-coverage="50% (1/2)"/>
            <line number="79" hits="0" branch="false"/>
            <line number="81" hits="77" branch="false"/>
            <line number="82" hits="0" branch="true" condition-coverage="0% (0/2)"/>
            <line number="83" hits="0" branch="false"/>
            <line number="84" hits="0" branch="false"/>
            <line number="85" hits="0" branch="false"/>
            <line number="88" hits="0" branch="false"/>
            <line number="91" hits="77" branch="false"/>
            <line number="92" hits="77" branch="true" condition-coverage="100% (2/2)"/>
            <line number="96" hits="1507" branch="true" condition-coverage="50% (1/2)"/>
            <line number="97" hits="1507" branch="true" condition-coverage="50% (1/2)"/>
            <line number="100" hits="77" branch="true" condition-coverage="50% (1/2)"/>
            <line number="101" hits="77" branch="false"/>
            <line number="103" hits="0" branch="false"/>
            <line number="106" hits="77" branch="false"/>
            <line number="107" hits="77" branch="true" condition-coverage="100% (2/2)"/>
            <line number="108" hits="45" branch="false"/>
            <line number="110" hits="77" branch="true" condition-coverage="50% (1/2)"/>
            <line number="111" hits="0" branch="false"/>
            <line number="113" hits="77" branch="true" condition-coverage="50% (1/2)"/>
            <line number="114" hits="0" branch="false"/>
            <line number="115" hits="0" branch="false"/>
            <line number="117" hits="77" branch="true" condition-coverage="50% (1/2)"/>
            <line number="118" hits="77" branch="false"/>
            <line number="120" hits="0" branch="false"/>
            <line number="122" hits="77" branch="true" condition-coverage="50% (1/2)"/>
            <line number="123" hits="0" branch="false"/>
            <line number="125" hits="77" branch="false"/>
            <line number="129" hits="335" branch="false"/>
            <line number="130" hits="335" branch="false"/>
            <line number="132" hits="17860" branch="true" condition-coverage="50% (1/2)"/>
            <line number="133" hits="0" branch="false"/>
            <line number="134" hits="0" branch="false"/>
            <line number="136" hits="17860" branch="true" condition-coverage="100% (2/2)"/>
            <line number="141" hits="6733" branch="false"/>
            <line number="143" hits="11127" branch="true" condition-coverage="50% (1/2)"/>
            <line number="144" hits="0" branch="false"/>
            <line number="145" hits="0" branch="false"/>
            <line number="148" hits="335" branch="false"/>
            <line number="155" hits="77" branch="false"/>
            <line number="156" hits="335" branch="false"/>
            <line number="157" hits="335" branch="true" condition-coverage="50% (1/2)"/>
            <line number="158" hits="335" branch="true" condition-coverage="100% (2/2)"/>
            <line number="159" hits="76" branch="false"/>
            <line number="163" hits="76" branch="true" condition-coverage="50% (1/2)"/>
            <line number="164" hits="0" branch="false"/>
            <line number="167" hits="0" branch="true" condition-coverage="0% (0/2)"/>
            <line number="168" hits="0" branch="false"/>
            <line number="175" hits="335" branch="false"/>
            <line number="176" hits="335" branch="false"/>
            <line number="182" hits="335" branch="false"/>
            <line number="183" hits="335" branch="true" condition-coverage="50% (1/2)"/>
            <line number="185" hits="0" branch="true" condition-coverage="0% (0/2)"/>
            <line number="188" hits="0" branch="false"/>
            <line number="196" hits="0" branch="true" condition-coverage="0% (0/2)"/>
            <line number="200" hits="0" branch="true" condition-coverage="0% (0/4)"/>
            <line number="201" hits="0" branch="false"/>
            <line number="202" hits="0" branch="true" condition-coverage="0% (0/2)"/>
            <line number="203" hits="0" branch="false"/>
            <line number="205" hits="0" branch="false"/>
            <line number="210" hits="77" branch="false"/>
            <line number="211" hits="0" branch="true" condition-coverage="0% (0/2)"/>
            <line number="212" hits="0" branch="false"/>
            <line number="213" hits="0" branch="false"/>
            <line number="215" hits="77" branch="true" condition-coverage="0% (0/1)"/>
            <line number="216" hits="0" branch="true" condition-coverage="0% (0/2)"/>
            <line number="218" hits="0" branch="true" condition-coverage="0% (0/2)"/>
            <line number="219" hits="0" branch="false"/>
            <line number="225" hits="0" branch="false"/>
            <line number="226" hits="0" branch="true" condition-coverage="0% (0/2)"/>
            <line number="227" hits="0" branch="false"/>
            <line number="230" hits="0" branch="false"/>
            <line number="233" hits="0" branch="false"/>
            <line number="234" hits="0" branch="false"/>
            <line number="236" hits="77" branch="false"/>
            <line number="237" hits="77" branch="false"/>
            <line number="238" hits="77" branch="false"/>
            <line number="239" hits="77" branch="false"/>
            <line number="240" hits="77" branch="false"/>
            <line number="241" hits="77" branch="false"/>
            <line number="242" hits="77" branch="true" condition-coverage="50% (1/2)"/>
            <line number="247" hits="77" branch="false"/>
            <line number="249" hits="77" branch="false"/>
            <line number="252" hits="77" branch="false"/>
            <line number="253" hits="77" branch="true" condition-coverage="50% (1/2)"/>
            <line number="254" hits="0" branch="false"/>
            <line number="255" hits="0" branch="false"/>
            <line number="256" hits="0" branch="false"/>
            <line number="257" hits="0" branch="false"/>
            <line number="262" hits="0" branch="false"/>
            <line number="267" hits="0" branch="false"/>
            <line number="268" hits="0" branch="false"/>
            <line number="269" hits="0" branch="false"/>
            <line number="271" hits="0" branch="false"/>
            <line number="272" hits="0" branch="false"/>
            <line number="273" hits="0" branch="false"/>
            <line number="275" hits="0" branch="false"/>
            <line number="276" hits="0" branch="false"/>
            <line number="278" hits="0" branch="false"/>
            <line number="279" hits="0" branch="false"/>
            <line number="281" hits="0" branch="false"/>
            <line number="285" hits="0" branch="true" condition-coverage="0% (0/2)"/>
            <line number="286" hits="0" branch="false"/>
            <line number="287" hits="0" branch="false"/>
            <line number="289" hits="0" branch="false"/>
            <line number="293" hits="77" branch="false"/>
            <line number="294" hits="77" branch="false"/>
            <line number="295" hits="77" branch="false"/>
            <line number="296" hits="77" branch="false"/>
            <line number="297" hits="77" branch="false"/>
            <line number="299" hits="77" branch="false"/>
            <line number="303" hits="77" branch="true" condition-coverage="100% (2/2)"/>
            <line number="304" hits="11" branch="false"/>
            <line number="306" hits="77" branch="false"/>
            <line number="310" hits="77" branch="false"/>
            <line number="315" hits="77" branch="false"/>
            <line number="317" hits="335" branch="true" condition-coverage="75% (3/4)"/>
            <line number="321" hits="335" branch="false"/>
            <line number="322" hits="335" branch="false"/>
            <line number="323" hits="335" branch="false"/>
            <line number="324" hits="12" branch="false"/>
            <line number="325" hits="0" branch="true" condition-coverage="0% (0/3)"/>
            <line number="326" hits="12" branch="true" condition-coverage="100% (2/2)"/>
            <line number="327" hits="4" branch="false"/>
            <line number="329" hits="8" branch="false"/>
            <line number="330" hits="8" branch="false"/>
            <line number="331" hits="0" branch="false"/>
            <line number="332" hits="0" branch="false"/>
            <line number="335" hits="12" branch="true" condition-coverage="100% (2/2)"/>
            <line number="336" hits="4" branch="true" condition-coverage="50% (1/2)"/>
            <line number="337" hits="0" branch="false"/>
            <line number="338" hits="0" branch="false"/>
            <line number="339" hits="0" branch="false"/>
            <line number="344" hits="4" branch="false"/>
            <line number="345" hits="4" branch="false"/>
            <line number="346" hits="0" branch="false"/>
            <line number="347" hits="0" branch="true" condition-coverage="0% (0/2)"/>
            <line number="353" hits="77" branch="false"/>
            <line number="354" hits="0" branch="false"/>
            <line number="355" hits="0" branch="false"/>
            <line number="356" hits="0" branch="false"/>
            <line number="357" hits="0" branch="false"/>
            <line number="361" hits="0" branch="true" condition-coverage="0% (0/2)"/>
            <line number="362" hits="0" branch="false"/>
            <line number="363" hits="0" branch="false"/>
            <line number="366" hits="0" branch="false"/>
            <line number="367" hits="0" branch="false"/>
            <line number="371" hits="0" branch="true" condition-coverage="0% (0/2)"/>
            <line number="372" hits="0" branch="false"/>
            <line number="373" hits="0" branch="false"/>
            <line number="376" hits="0" branch="true" condition-coverage="0% (0/2)"/>
            <line number="377" hits="0" branch="false"/>
            <line number="380" hits="0" branch="true" condition-coverage="0% (0/2)"/>
            <line number="381" hits="0" branch="false"/>
            <line number="384" hits="0" branch="true" condition-coverage="0% (0/2)"/>
            <line number="385" hits="0" branch="false"/>
            <line number="386" hits="0" branch="false"/>
            <line number="390" hits="77" branch="true" condition-coverage="100% (1/1)"/>
            <line number="392" hits="259" branch="false"/>
            <line number="394" hits="259" branch="false"/>
            <line number="395" hits="259" branch="false"/>
            <line number="402" hits="259" branch="true" condition-coverage="100% (2/2)"/>
            <line number="403" hits="257" branch="true" condition-coverage="100% (2/2)"/>
            <line number="404" hits="257" branch="false"/>
            <line number="405" hits="1333" branch="false"/>
            <line number="407" hits="257" branch="true" condition-coverage="33.33333333333333% (1/3)"/>
            <line number="408" hits="257" branch="true" condition-coverage="100% (4/4)"/>
            <line number="409" hits="3" branch="false"/>
            <line number="410" hits="3" branch="true" condition-coverage="50% (1/2)"/>
            <line number="411" hits="3" branch="false"/>
            <line number="413" hits="257" branch="false"/>
            <line number="415" hits="257" branch="true" condition-coverage="50% (2/4)"/>
            <line number="416" hits="0" branch="false"/>
            <line number="417" hits="0" branch="false"/>
            <line number="419" hits="257" branch="true" condition-coverage="50% (1/2)"/>
            <line number="420" hits="257" branch="false"/>
            <line number="421" hits="0" branch="false"/>
            <line number="422" hits="0" branch="false"/>
            <line number="423" hits="0" branch="false"/>
            <line number="424" hits="0" branch="false"/>
            <line number="426" hits="0" branch="true" condition-coverage="0% (0/2)"/>
            <line number="427" hits="0" branch="false"/>
            <line number="432" hits="77" branch="true" condition-coverage="100% (1/1)"/>
            <line number="433" hits="259" branch="false"/>
            <line number="434" hits="259" branch="false"/>
            <line number="435" hits="259" branch="true" condition-coverage="75% (3/4)"/>
            <line number="436" hits="259" branch="true" condition-coverage="50% (1/2)"/>
            <line number="437" hits="0" branch="false"/>
            <line number="439" hits="259" branch="false"/>
            <line number="441" hits="259" branch="true" condition-coverage="50% (1/2)"/>
            <line number="442" hits="259" branch="true" condition-coverage="100% (2/2)"/>
            <line number="443" hits="1" branch="false"/>
            <line number="444" hits="1" branch="true" condition-coverage="100% (2/2)"/>
            <line number="447" hits="77" branch="false"/>
            <line number="448" hits="1" branch="true" condition-coverage="50% (1/2)"/>
            <line number="449" hits="0" branch="false"/>
            <line number="450" hits="0" branch="false"/>
            <line number="452" hits="1" branch="false"/>
            <line number="454" hits="77" branch="false"/>
            <line number="455" hits="0" branch="false"/>
            <line number="456" hits="0" branch="true" condition-coverage="0% (0/2)"/>
            <line number="458" hits="77" branch="false"/>
            <line number="459" hits="1" branch="false"/>
            <line number="461" hits="77" branch="false"/>
            <line number="462" hits="0" branch="false"/>
            <line number="463" hits="0" branch="true" condition-coverage="0% (0/2)"/>
            <line number="464" hits="0" branch="true" condition-coverage="0% (0/2)"/>
            <line number="465" hits="0" branch="false"/>
            <line number="467" hits="0" branch="false"/>
            <line number="469" hits="77" branch="false"/>
            <line number="470" hits="0" branch="false"/>
            <line number="472" hits="77" branch="false"/>
            <line number="473" hits="0" branch="true" condition-coverage="0% (0/2)"/>
            <line number="474" hits="0" branch="false"/>
            <line number="476" hits="0" branch="false"/>
            <line number="477" hits="0" branch="true" condition-coverage="0% (0/2)"/>
            <line number="479" hits="77" branch="false"/>
            <line number="480" hits="0" branch="false"/>
            <line number="487" hits="0" branch="true" condition-coverage="0% (0/2)"/>
            <line number="488" hits="0" branch="true" condition-coverage="0% (0/2)"/>
            <line number="489" hits="0" branch="false"/>
            <line number="491" hits="0" branch="false"/>
            <line number="493" hits="77" branch="false"/>
            <line number="494" hits="0" branch="false"/>
            <line number="501" hits="0" branch="true" condition-coverage="0% (0/2)"/>
            <line number="502" hits="0" branch="false"/>
            <line number="503" hits="0" branch="false"/>
            <line number="504" hits="0" branch="false"/>
            <line number="505" hits="0" branch="true" condition-coverage="0% (0/2)"/>
            <line number="506" hits="0" branch="false"/>
            <line number="507" hits="0" branch="true" condition-coverage="0% (0/2)"/>
            <line number="508" hits="0" branch="false"/>
            <line number="511" hits="77" branch="false"/>
            <line number="512" hits="0" branch="false"/>
            <line number="513" hits="0" branch="false"/>
            <line number="515" hits="77" branch="false"/>
            <line number="519" hits="0" branch="false"/>
            <line number="520" hits="0" branch="false"/>
            <line number="523" hits="77" branch="false"/>
            <line number="524" hits="0" branch="false"/>
            <line number="525" hits="0" branch="false"/>
            <line number="528" hits="77" branch="true" condition-coverage="0% (0/1)"/>
            <line number="529" hits="0" branch="false"/>
            <line number="530" hits="0" branch="true" condition-coverage="0% (0/2)"/>
            <line number="531" hits="0" branch="false"/>
            <line number="534" hits="0" branch="false"/>
            <line number="546" hits="77" branch="false"/>
            <line number="548" hits="0" branch="true" condition-coverage="0% (0/2)"/>
            <line number="549" hits="0" branch="false"/>
            <line number="551" hits="0" branch="true" condition-coverage="0% (0/2)"/>
            <line number="552" hits="0" branch="false"/>
            <line number="554" hits="0" branch="false"/>
            <line number="558" hits="0" branch="false"/>
            <line number="561" hits="77" branch="false"/>
            <line number="562" hits="0" branch="true" condition-coverage="0% (0/2)"/>
            <line number="563" hits="0" branch="false"/>
            <line number="565" hits="0" branch="false"/>
            <line number="566" hits="0" branch="true" condition-coverage="0% (0/2)"/>
            <line number="567" hits="0" branch="true" condition-coverage="0% (0/2)"/>
            <line number="572" hits="0" branch="false"/>
            <line number="574" hits="0" branch="true" condition-coverage="0% (0/2)"/>
            <line number="575" hits="0" branch="true" condition-coverage="0% (0/4)"/>
            <line number="576" hits="0" branch="false"/>
            <line number="578" hits="0" branch="true" condition-coverage="0% (0/2)"/>
            <line number="579" hits="0" branch="true" condition-coverage="0% (0/4)"/>
            <line number="580" hits="0" branch="false"/>
            <line number="583" hits="0" branch="false"/>
            <line number="584" hits="0" branch="false"/>
            <line number="586" hits="77" branch="false"/>
            <line number="587" hits="0" branch="true" condition-coverage="0% (0/2)"/>
            <line number="588" hits="0" branch="false"/>
            <line number="589" hits="0" branch="false"/>
            <line number="591" hits="0" branch="false"/>
            <line number="592" hits="0" branch="true" condition-coverage="0% (0/2)"/>
            <line number="593" hits="0" branch="false"/>
            <line number="594" hits="0" branch="true" condition-coverage="0% (0/2)"/>
            <line number="595" hits="0" branch="true" condition-coverage="0% (0/4)"/>
            <line number="596" hits="0" branch="false"/>
            <line number="600" hits="0" branch="true" condition-coverage="0% (0/2)"/>
            <line number="601" hits="0" branch="false"/>
            <line number="605" hits="77" branch="true" condition-coverage="0% (0/2)"/>
            <line number="606" hits="77" branch="false"/>
            <line number="607" hits="0" branch="true" condition-coverage="0% (0/3)"/>
            <line number="610" hits="77" branch="true" condition-coverage="0% (0/2)"/>
            <line number="611" hits="77" branch="false"/>
            <line number="612" hits="0" branch="true" condition-coverage="0% (0/3)"/>
            <line number="615" hits="77" branch="true" condition-coverage="0% (0/2)"/>
            <line number="616" hits="77" branch="false"/>
            <line number="617" hits="0" branch="true" condition-coverage="0% (0/3)"/>
            <line number="621" hits="77" branch="false"/>
            <line number="622" hits="412" branch="false"/>
            <line number="626" hits="412" branch="false"/>
            <line number="627" hits="412" branch="false"/>
            <line number="652" hits="412" branch="false"/>
            <line number="653" hits="412" branch="false"/>
            <line number="663" hits="412" branch="true" condition-coverage="100% (2/2)"/>
            <line number="667" hits="102" branch="false"/>
            <line number="679" hits="102" branch="false"/>
            <line number="680" hits="102" branch="false"/>
            <line number="687" hits="102" branch="false"/>
            <line number="691" hits="412" branch="false"/>
            <line number="700" hits="412" branch="false"/>
            <line number="702" hits="412" branch="true" condition-coverage="50% (1/2)"/>
            <line number="703" hits="412" branch="false"/>
            <line number="704" hits="412" branch="false"/>
            <line number="707" hits="412" branch="false"/>
            <line number="709" hits="412" branch="true" condition-coverage="50% (1/2)"/>
            <line number="710" hits="0" branch="false"/>
            <line number="715" hits="412" branch="false"/>
            <line number="717" hits="412" branch="true" condition-coverage="50% (1/2)"/>
            <line number="718" hits="412" branch="true" condition-coverage="100% (2/2)"/>
            <line number="719" hits="91" branch="false"/>
            <line number="724" hits="0" branch="true" condition-coverage="0% (0/2)"/>
            <line number="725" hits="0" branch="false"/>
            <line number="731" hits="412" branch="false"/>
            <line number="732" hits="412" branch="false"/>
            <line number="733" hits="412" branch="false"/>
            <line number="748" hits="412" branch="false"/>
            <line number="754" hits="412" branch="true" condition-coverage="50% (1/2)"/>
            <line number="755" hits="0" branch="false"/>
            <line number="756" hits="0" branch="false"/>
            <line number="758" hits="412" branch="false"/>
          </lines>
        </class>
        <class name="slider.js" filename="src/slider.js" line-rate="0.5569" branch-rate="0.42590000000000006">
          <methods>
            <method name="(anonymous_0)" hits="52" signature="()V">
              <lines>
                <line number="10" hits="52"/>
              </lines>
            </method>
            <method name="(anonymous_1)" hits="104" signature="()V">
              <lines>
                <line number="18" hits="104"/>
              </lines>
            </method>
            <method name="(anonymous_2)" hits="0" signature="()V">
              <lines>
                <line number="20" hits="0"/>
              </lines>
            </method>
            <method name="(anonymous_3)" hits="0" signature="()V">
              <lines>
                <line number="23" hits="0"/>
              </lines>
            </method>
            <method name="(anonymous_4)" hits="52" signature="()V">
              <lines>
                <line number="34" hits="52"/>
              </lines>
            </method>
            <method name="(anonymous_5)" hits="0" signature="()V">
              <lines>
                <line number="42" hits="0"/>
              </lines>
            </method>
            <method name="(anonymous_6)" hits="0" signature="()V">
              <lines>
                <line number="45" hits="0"/>
              </lines>
            </method>
            <method name="(anonymous_7)" hits="0" signature="()V">
              <lines>
                <line number="47" hits="0"/>
              </lines>
            </method>
            <method name="(anonymous_8)" hits="0" signature="()V">
              <lines>
                <line number="60" hits="0"/>
              </lines>
            </method>
            <method name="(anonymous_9)" hits="0" signature="()V">
              <lines>
                <line number="70" hits="0"/>
              </lines>
            </method>
            <method name="(anonymous_10)" hits="52" signature="()V">
              <lines>
                <line number="76" hits="52"/>
              </lines>
            </method>
            <method name="(anonymous_11)" hits="0" signature="()V">
              <lines>
                <line number="77" hits="0"/>
              </lines>
            </method>
            <method name="(anonymous_12)" hits="0" signature="()V">
              <lines>
                <line number="82" hits="0"/>
              </lines>
            </method>
            <method name="(anonymous_13)" hits="0" signature="()V">
              <lines>
                <line number="84" hits="0"/>
              </lines>
            </method>
            <method name="(anonymous_14)" hits="0" signature="()V">
              <lines>
                <line number="86" hits="0"/>
              </lines>
            </method>
            <method name="(anonymous_15)" hits="0" signature="()V">
              <lines>
                <line number="89" hits="0"/>
              </lines>
            </method>
            <method name="(anonymous_16)" hits="0" signature="()V">
              <lines>
                <line number="91" hits="0"/>
              </lines>
            </method>
            <method name="(anonymous_17)" hits="56" signature="()V">
              <lines>
                <line number="93" hits="56"/>
              </lines>
            </method>
            <method name="(anonymous_18)" hits="0" signature="()V">
              <lines>
                <line number="98" hits="0"/>
              </lines>
            </method>
            <method name="(anonymous_19)" hits="371" signature="()V">
              <lines>
                <line number="144" hits="371"/>
              </lines>
            </method>
          </methods>
          <lines>
            <line number="11" hits="52" branch="false"/>
            <line number="12" hits="52" branch="false"/>
            <line number="15" hits="52" branch="false"/>
            <line number="18" hits="104" branch="false"/>
            <line number="22" hits="0" branch="false"/>
            <line number="23" hits="0" branch="false"/>
            <line number="24" hits="0" branch="true" condition-coverage="0% (0/2)"/>
            <line number="25" hits="0" branch="false"/>
            <line number="28" hits="0" branch="false"/>
            <line number="29" hits="0" branch="false"/>
            <line number="30" hits="0" branch="false"/>
            <line number="40" hits="52" branch="true" condition-coverage="50% (1/2)"/>
            <line number="41" hits="0" branch="false"/>
            <line number="42" hits="0" branch="false"/>
            <line number="45" hits="0" branch="false"/>
            <line number="47" hits="0" branch="false"/>
            <line number="50" hits="0" branch="true" condition-coverage="0% (0/2)"/>
            <line number="51" hits="0" branch="false"/>
            <line number="53" hits="0" branch="false"/>
            <line number="59" hits="0" branch="true" condition-coverage="0% (0/2)"/>
            <line number="61" hits="0" branch="false"/>
            <line number="67" hits="0" branch="false"/>
            <line number="69" hits="0" branch="true" condition-coverage="0% (0/2)"/>
            <line number="71" hits="0" branch="false"/>
            <line number="77" hits="52" branch="false"/>
            <line number="78" hits="0" branch="false"/>
            <line number="82" hits="52" branch="false"/>
            <line number="84" hits="52" branch="false"/>
            <line number="86" hits="52" branch="true" condition-coverage="0% (0/1)"/>
            <line number="87" hits="0" branch="false"/>
            <line number="89" hits="52" branch="false"/>
            <line number="91" hits="52" branch="false"/>
            <line number="96" hits="56" branch="true" condition-coverage="50% (1/2)"/>
            <line number="97" hits="0" branch="false"/>
            <line number="98" hits="0" branch="false"/>
            <line number="100" hits="0" branch="false"/>
            <line number="105" hits="56" branch="false"/>
            <line number="109" hits="56" branch="true" condition-coverage="100% (2/2)"/>
            <line number="110" hits="3" branch="true" condition-coverage="50% (1/2)"/>
            <line number="114" hits="0" branch="false"/>
            <line number="118" hits="3" branch="false"/>
            <line number="121" hits="56" branch="true" condition-coverage="100% (2/2)"/>
            <line number="122" hits="1" branch="true" condition-coverage="50% (2/4)"/>
            <line number="123" hits="0" branch="false"/>
            <line number="127" hits="1" branch="true" condition-coverage="50% (1/2)"/>
            <line number="131" hits="0" branch="false"/>
            <line number="135" hits="1" branch="false"/>
            <line number="136" hits="1" branch="false"/>
            <line number="140" hits="56" branch="false"/>
            <line number="144" hits="56" branch="false"/>
            <line number="145" hits="371" branch="true" condition-coverage="50% (1/2)"/>
            <line number="146" hits="0" branch="false"/>
            <line number="148" hits="371" branch="false"/>
            <line number="152" hits="56" branch="true" condition-coverage="50% (1/2)"/>
            <line number="156" hits="0" branch="false"/>
            <line number="159" hits="0" branch="false"/>
            <line number="161" hits="56" branch="false"/>
            <line number="162" hits="56" branch="false"/>
            <line number="163" hits="56" branch="false"/>
            <line number="164" hits="56" branch="false"/>
            <line number="168" hits="371" branch="false"/>
            <line number="169" hits="371" branch="false"/>
            <line number="170" hits="371" branch="false"/>
            <line number="174" hits="371" branch="false"/>
            <line number="175" hits="371" branch="false"/>
            <line number="176" hits="371" branch="true" condition-coverage="50% (2/4)"/>
            <line number="177" hits="0" branch="false"/>
            <line number="179" hits="371" branch="true" condition-coverage="50% (1/2)"/>
            <line number="180" hits="371" branch="false"/>
            <line number="191" hits="371" branch="false"/>
            <line number="193" hits="371" branch="true" condition-coverage="50% (1/2)"/>
            <line number="194" hits="0" branch="false"/>
            <line number="200" hits="371" branch="false"/>
            <line number="204" hits="56" branch="true" condition-coverage="50% (1/2)"/>
            <line number="205" hits="0" branch="true" condition-coverage="0% (0/2)"/>
            <line number="206" hits="0" branch="false"/>
            <line number="207" hits="56" branch="true" condition-coverage="50% (1/2)"/>
            <line number="211" hits="0" branch="false"/>
            <line number="213" hits="56" branch="false"/>
          </lines>
        </class>
        <class name="track.js" filename="src/track.js" line-rate="0.8887999999999999" branch-rate="0.7567">
          <methods>
            <method name="(anonymous_0)" hits="5825" signature="()V">
              <lines>
                <line number="12" hits="5825"/>
              </lines>
            </method>
            <method name="(anonymous_1)" hits="2293" signature="()V">
              <lines>
                <line number="55" hits="2293"/>
              </lines>
            </method>
            <method name="(anonymous_2)" hits="5825" signature="()V">
              <lines>
                <line number="88" hits="5825"/>
              </lines>
            </method>
            <method name="(anonymous_3)" hits="412" signature="()V">
              <lines>
                <line number="90" hits="412"/>
              </lines>
            </method>
            <method name="(anonymous_4)" hits="2293" signature="()V">
              <lines>
                <line number="99" hits="2293"/>
              </lines>
            </method>
            <method name="(anonymous_5)" hits="1" signature="()V">
              <lines>
                <line number="129" hits="1"/>
              </lines>
            </method>
            <method name="(anonymous_6)" hits="0" signature="()V">
              <lines>
                <line number="160" hits="0"/>
              </lines>
            </method>
            <method name="(anonymous_7)" hits="0" signature="()V">
              <lines>
                <line number="183" hits="0"/>
              </lines>
            </method>
            <method name="(anonymous_8)" hits="154" signature="()V">
              <lines>
                <line number="204" hits="154"/>
              </lines>
            </method>
            <method name="(anonymous_9)" hits="412" signature="()V">
              <lines>
                <line number="208" hits="412"/>
              </lines>
            </method>
          </methods>
          <lines>
            <line number="12" hits="23" branch="false"/>
            <line number="16" hits="5825" branch="true" condition-coverage="50% (1/2)"/>
            <line number="17" hits="0" branch="false"/>
            <line number="19" hits="5825" branch="false"/>
            <line number="21" hits="5825" branch="true" condition-coverage="100% (2/2)"/>
            <line number="22" hits="5825" branch="true" condition-coverage="100% (2/2)"/>
            <line number="23" hits="1288" branch="false"/>
            <line number="24" hits="1288" branch="false"/>
            <line number="25" hits="1288" branch="true" condition-coverage="100% (2/2)"/>
            <line number="29" hits="273" branch="false"/>
            <line number="32" hits="4537" branch="false"/>
            <line number="38" hits="5825" branch="true" condition-coverage="100% (2/2)"/>
            <line number="39" hits="481" branch="false"/>
            <line number="40" hits="5344" branch="true" condition-coverage="100% (2/2)"/>
            <line number="41" hits="394" branch="false"/>
            <line number="43" hits="4950" branch="false"/>
            <line number="45" hits="5825" branch="false"/>
            <line number="46" hits="5825" branch="false"/>
            <line number="55" hits="23" branch="false"/>
            <line number="56" hits="2293" branch="false"/>
            <line number="58" hits="2293" branch="true" condition-coverage="75% (3/4)"/>
            <line number="59" hits="2293" branch="false"/>
            <line number="62" hits="2293" branch="true" condition-coverage="100% (2/2)"/>
            <line number="63" hits="16" branch="false"/>
            <line number="64" hits="16" branch="true" condition-coverage="50% (2/4)"/>
            <line number="65" hits="0" branch="false"/>
            <line number="67" hits="16" branch="false"/>
            <line number="69" hits="16" branch="true" condition-coverage="100% (2/2)"/>
            <line number="70" hits="16" branch="true" condition-coverage="100% (2/2)"/>
            <line number="71" hits="16" branch="true" condition-coverage="50% (1/2)"/>
            <line number="72" hits="16" branch="false"/>
            <line number="85" hits="2293" branch="false"/>
            <line number="88" hits="5825" branch="false"/>
            <line number="90" hits="23" branch="false"/>
            <line number="92" hits="412" branch="false"/>
            <line number="93" hits="412" branch="false"/>
            <line number="94" hits="412" branch="false"/>
            <line number="95" hits="412" branch="false"/>
            <line number="96" hits="412" branch="false"/>
            <line number="97" hits="412" branch="false"/>
            <line number="99" hits="412" branch="false"/>
            <line number="101" hits="2293" branch="false"/>
            <line number="109" hits="2293" branch="true" condition-coverage="100% (2/2)"/>
            <line number="113" hits="2237" branch="false"/>
            <line number="115" hits="56" branch="false"/>
            <line number="117" hits="2293" branch="false"/>
            <line number="118" hits="2293" branch="true" condition-coverage="100% (2/2)"/>
            <line number="119" hits="2293" branch="false"/>
            <line number="121" hits="2293" branch="false"/>
            <line number="130" hits="1" branch="true" condition-coverage="66.66666666666666% (2/3)"/>
            <line number="131" hits="1" branch="true" condition-coverage="50% (1/2)"/>
            <line number="132" hits="1" branch="false"/>
            <line number="139" hits="2293" branch="true" condition-coverage="100% (2/2)"/>
            <line number="145" hits="2233" branch="false"/>
            <line number="146" hits="2233" branch="true" condition-coverage="100% (2/2)"/>
            <line number="147" hits="1299" branch="false"/>
            <line number="148" hits="1299" branch="true" condition-coverage="100% (2/2)"/>
            <line number="149" hits="95" branch="false"/>
            <line number="151" hits="1299" branch="false"/>
            <line number="152" hits="1299" branch="false"/>
            <line number="161" hits="0" branch="true" condition-coverage="0% (0/3)"/>
            <line number="162" hits="0" branch="true" condition-coverage="0% (0/2)"/>
            <line number="163" hits="0" branch="false"/>
            <line number="170" hits="2233" branch="false"/>
            <line number="171" hits="2233" branch="true" condition-coverage="100% (2/2)"/>
            <line number="172" hits="153" branch="false"/>
            <line number="174" hits="2233" branch="false"/>
            <line number="175" hits="2233" branch="false"/>
            <line number="184" hits="0" branch="true" condition-coverage="0% (0/3)"/>
            <line number="185" hits="0" branch="true" condition-coverage="0% (0/2)"/>
            <line number="186" hits="0" branch="false"/>
            <line number="194" hits="412" branch="true" condition-coverage="50% (1/2)"/>
            <line number="195" hits="0" branch="false"/>
            <line number="197" hits="412" branch="false"/>
            <line number="202" hits="77" branch="false"/>
            <line number="204" hits="77" branch="false"/>
            <line number="205" hits="154" branch="false"/>
            <line number="209" hits="412" branch="false"/>
            <line number="210" hits="412" branch="false"/>
            <line number="211" hits="412" branch="false"/>
            <line number="212" hits="412" branch="false"/>
          </lines>
        </class>
      </classes>
    </package>
    <package name="src.utils" line-rate="0.4962" branch-rate="0.3851">
      <classes>
        <class name="innerSliderUtils.js" filename="src/utils/innerSliderUtils.js" line-rate="0.4962" branch-rate="0.3851">
          <methods>
            <method name="clamp" hits="17" signature="()V">
              <lines>
                <line number="4" hits="17"/>
              </lines>
            </method>
            <method name="(anonymous_1)" hits="0" signature="()V">
              <lines>
                <line number="8" hits="0"/>
              </lines>
            </method>
            <method name="(anonymous_2)" hits="229" signature="()V">
              <lines>
                <line number="15" hits="229"/>
              </lines>
            </method>
            <method name="(anonymous_3)" hits="0" signature="()V">
              <lines>
                <line number="28" hits="0"/>
              </lines>
            </method>
            <method name="(anonymous_4)" hits="641" signature="()V">
              <lines>
                <line number="39" hits="641"/>
              </lines>
            </method>
            <method name="(anonymous_5)" hits="641" signature="()V">
              <lines>
                <line number="41" hits="641"/>
              </lines>
            </method>
            <method name="(anonymous_6)" hits="641" signature="()V">
              <lines>
                <line number="43" hits="641"/>
              </lines>
            </method>
            <method name="(anonymous_7)" hits="641" signature="()V">
              <lines>
                <line number="48" hits="641"/>
              </lines>
            </method>
            <method name="(anonymous_8)" hits="154" signature="()V">
              <lines>
                <line number="56" hits="154"/>
              </lines>
            </method>
            <method name="(anonymous_9)" hits="77" signature="()V">
              <lines>
                <line number="57" hits="77"/>
              </lines>
            </method>
            <method name="(anonymous_10)" hits="0" signature="()V">
              <lines>
                <line number="58" hits="0"/>
              </lines>
            </method>
            <method name="(anonymous_11)" hits="553" signature="()V">
              <lines>
                <line number="88" hits="553"/>
              </lines>
            </method>
            <method name="(anonymous_12)" hits="926" signature="()V">
              <lines>
                <line number="104" hits="926"/>
              </lines>
            </method>
            <method name="(anonymous_13)" hits="13380" signature="()V">
              <lines>
                <line number="106" hits="13380"/>
              </lines>
            </method>
            <method name="(anonymous_14)" hits="77" signature="()V">
              <lines>
                <line number="111" hits="77"/>
              </lines>
            </method>
            <method name="(anonymous_15)" hits="259" signature="()V">
              <lines>
                <line number="165" hits="259"/>
              </lines>
            </method>
            <method name="(anonymous_16)" hits="259" signature="()V">
              <lines>
                <line number="266" hits="259"/>
              </lines>
            </method>
            <method name="(anonymous_17)" hits="0" signature="()V">
              <lines>
                <line number="319" hits="0"/>
              </lines>
            </method>
            <method name="(anonymous_18)" hits="0" signature="()V">
              <lines>
                <line number="327" hits="0"/>
              </lines>
            </method>
            <method name="(anonymous_19)" hits="0" signature="()V">
              <lines>
                <line number="340" hits="0"/>
              </lines>
            </method>
            <method name="(anonymous_20)" hits="0" signature="()V">
              <lines>
                <line number="440" hits="0"/>
              </lines>
            </method>
            <method name="(anonymous_21)" hits="0" signature="()V">
              <lines>
                <line number="511" hits="0"/>
              </lines>
            </method>
            <method name="(anonymous_22)" hits="0" signature="()V">
              <lines>
                <line number="523" hits="0"/>
              </lines>
            </method>
            <method name="(anonymous_23)" hits="0" signature="()V">
              <lines>
                <line number="539" hits="0"/>
              </lines>
            </method>
            <method name="(anonymous_24)" hits="0" signature="()V">
              <lines>
                <line number="550" hits="0"/>
              </lines>
            </method>
            <method name="(anonymous_25)" hits="971" signature="()V">
              <lines>
                <line number="584" hits="971"/>
              </lines>
            </method>
            <method name="(anonymous_26)" hits="8429" signature="()V">
              <lines>
                <line number="586" hits="8429"/>
              </lines>
            </method>
            <method name="(anonymous_27)" hits="358" signature="()V">
              <lines>
                <line number="590" hits="358"/>
              </lines>
            </method>
            <method name="(anonymous_28)" hits="26" signature="()V">
              <lines>
                <line number="650" hits="26"/>
              </lines>
            </method>
            <method name="(anonymous_29)" hits="587" signature="()V">
              <lines>
                <line number="675" hits="587"/>
              </lines>
            </method>
            <method name="(anonymous_30)" hits="3324" signature="()V">
              <lines>
                <line number="781" hits="3324"/>
              </lines>
            </method>
            <method name="(anonymous_31)" hits="434" signature="()V">
              <lines>
                <line number="791" hits="434"/>
              </lines>
            </method>
            <method name="(anonymous_32)" hits="358" signature="()V">
              <lines>
                <line number="798" hits="358"/>
              </lines>
            </method>
            <method name="(anonymous_33)" hits="1" signature="()V">
              <lines>
                <line number="802" hits="1"/>
              </lines>
            </method>
            <method name="(anonymous_34)" hits="1" signature="()V">
              <lines>
                <line number="816" hits="1"/>
              </lines>
            </method>
            <method name="(anonymous_35)" hits="0" signature="()V">
              <lines>
                <line number="835" hits="0"/>
              </lines>
            </method>
            <method name="(anonymous_36)" hits="0" signature="()V">
              <lines>
                <line number="854" hits="0"/>
              </lines>
            </method>
            <method name="filterSettings" hits="60" signature="()V">
              <lines>
                <line number="863" hits="60"/>
              </lines>
            </method>
            <method name="(anonymous_38)" hits="3120" signature="()V">
              <lines>
                <line number="864" hits="3120"/>
              </lines>
            </method>
          </methods>
          <lines>
            <line number="5" hits="17" branch="false"/>
            <line number="8" hits="25" branch="false"/>
            <line number="9" hits="0" branch="false"/>
            <line number="10" hits="0" branch="true" condition-coverage="0% (0/2)"/>
            <line number="11" hits="0" branch="false"/>
            <line number="15" hits="25" branch="false"/>
            <line number="16" hits="229" branch="false"/>
            <line number="17" hits="229" branch="false"/>
            <line number="18" hits="229" branch="false"/>
            <line number="19" hits="229" branch="false"/>
            <line number="20" hits="723" branch="true" condition-coverage="100% (2/2)"/>
            <line number="21" hits="331" branch="false"/>
            <line number="24" hits="229" branch="false"/>
            <line number="28" hits="25" branch="false"/>
            <line number="29" hits="0" branch="false"/>
            <line number="30" hits="0" branch="false"/>
            <line number="31" hits="0" branch="false"/>
            <line number="32" hits="0" branch="false"/>
            <line number="33" hits="0" branch="false"/>
            <line number="35" hits="0" branch="false"/>
            <line number="39" hits="25" branch="false"/>
            <line number="40" hits="641" branch="false"/>
            <line number="41" hits="25" branch="false"/>
            <line number="42" hits="641" branch="false"/>
            <line number="43" hits="25" branch="false"/>
            <line number="44" hits="641" branch="true" condition-coverage="100% (2/2)"/>
            <line number="48" hits="25" branch="false"/>
            <line number="49" hits="641" branch="true" condition-coverage="100% (2/2)"/>
            <line number="56" hits="154" branch="true" condition-coverage="100% (3/3)"/>
            <line number="57" hits="77" branch="true" condition-coverage="100% (3/3)"/>
            <line number="58" hits="25" branch="true" condition-coverage="0% (0/1)"/>
            <line number="60" hits="0" branch="false"/>
            <line number="61" hits="0" branch="false"/>
            <line number="62" hits="0" branch="false"/>
            <line number="63" hits="0" branch="false"/>
            <line number="64" hits="0" branch="true" condition-coverage="0% (0/2)"/>
            <line number="65" hits="0" branch="false"/>
            <line number="67" hits="0" branch="true" condition-coverage="0% (0/2)"/>
            <line number="71" hits="0" branch="false"/>
            <line number="73" hits="0" branch="true" condition-coverage="0% (0/4)"/>
            <line number="74" hits="0" branch="false"/>
            <line number="76" hits="0" branch="true" condition-coverage="0% (0/2)"/>
            <line number="77" hits="0" branch="true" condition-coverage="0% (0/4)"/>
            <line number="78" hits="0" branch="false"/>
            <line number="80" hits="0" branch="false"/>
            <line number="84" hits="0" branch="false"/>
            <line number="88" hits="25" branch="false"/>
            <line number="89" hits="553" branch="false"/>
            <line number="90" hits="553" branch="true" condition-coverage="100% (2/2)"/>
            <line number="91" hits="6" branch="true" condition-coverage="50% (2/4)"/>
            <line number="92" hits="0" branch="false"/>
            <line number="93" hits="6" branch="true" condition-coverage="100% (2/2)"/>
            <line number="97" hits="1" branch="false"/>
            <line number="100" hits="553" branch="false"/>
            <line number="104" hits="25" branch="false"/>
            <line number="105" hits="926" branch="false"/>
            <line number="106" hits="13380" branch="false"/>
            <line number="107" hits="926" branch="false"/>
            <line number="111" hits="25" branch="false"/>
            <line number="113" hits="77" branch="false"/>
            <line number="114" hits="77" branch="false"/>
            <line number="115" hits="77" branch="false"/>
            <line number="116" hits="77" branch="true" condition-coverage="100% (2/2)"/>
            <line number="117" hits="77" branch="false"/>
            <line number="119" hits="77" branch="true" condition-coverage="50% (1/2)"/>
            <line number="120" hits="77" branch="true" condition-coverage="100% (2/2)"/>
            <line number="121" hits="77" branch="true" condition-coverage="50% (1/2)"/>
            <line number="125" hits="0" branch="false"/>
            <line number="127" hits="77" branch="false"/>
            <line number="129" hits="0" branch="false"/>
            <line number="132" hits="77" branch="true" condition-coverage="100% (2/2)"/>
            <line number="133" hits="77" branch="false"/>
            <line number="135" hits="77" branch="true" condition-coverage="50% (1/2)"/>
            <line number="136" hits="77" branch="true" condition-coverage="50% (2/4)"/>
            <line number="137" hits="0" branch="false"/>
            <line number="139" hits="77" branch="true" condition-coverage="100% (2/2)"/>
            <line number="140" hits="77" branch="false"/>
            <line number="145" hits="77" branch="false"/>
            <line number="147" hits="77" branch="false"/>
            <line number="158" hits="77" branch="true" condition-coverage="50% (2/4)"/>
            <line number="159" hits="0" branch="false"/>
            <line number="162" hits="77" branch="false"/>
            <line number="165" hits="25" branch="false"/>
            <line number="179" hits="259" branch="false"/>
            <line number="180" hits="259" branch="false"/>
            <line number="181" hits="259" branch="true" condition-coverage="100% (4/4)"/>
            <line number="182" hits="257" branch="false"/>
            <line number="186" hits="257" branch="false"/>
            <line number="187" hits="257" branch="false"/>
            <line number="188" hits="257" branch="true" condition-coverage="100% (2/2)"/>
            <line number="189" hits="257" branch="true" condition-coverage="100% (2/2)"/>
            <line number="190" hits="2" branch="true" condition-coverage="40% (2/5)"/>
            <line number="191" hits="2" branch="true" condition-coverage="50% (1/2)"/>
            <line number="192" hits="0" branch="false"/>
            <line number="193" hits="2" branch="true" condition-coverage="50% (1/2)"/>
            <line number="194" hits="0" branch="false"/>
            <line number="196" hits="2" branch="true" condition-coverage="50% (2/4)"/>
            <line number="197" hits="0" branch="false"/>
            <line number="199" hits="2" branch="false"/>
            <line number="205" hits="2" branch="false"/>
            <line number="207" hits="255" branch="false"/>
            <line number="208" hits="255" branch="true" condition-coverage="100% (2/2)"/>
            <line number="209" hits="35" branch="false"/>
            <line number="210" hits="35" branch="true" condition-coverage="50% (1/2)"/>
            <line number="211" hits="35" branch="true" condition-coverage="100% (2/2)"/>
            <line number="212" hits="21" branch="false"/>
            <line number="213" hits="220" branch="true" condition-coverage="50% (2/4)"/>
            <line number="214" hits="0" branch="false"/>
            <line number="215" hits="220" branch="true" condition-coverage="100% (4/4)"/>
            <line number="216" hits="6" branch="true" condition-coverage="50% (1/2)"/>
            <line number="217" hits="6" branch="true" condition-coverage="50% (1/2)"/>
            <line number="218" hits="214" branch="true" condition-coverage="100% (2/2)"/>
            <line number="219" hits="24" branch="false"/>
            <line number="220" hits="24" branch="true" condition-coverage="50% (1/2)"/>
            <line number="221" hits="24" branch="true" condition-coverage="100% (2/2)"/>
            <line number="224" hits="255" branch="true" condition-coverage="100% (4/4)"/>
            <line number="225" hits="1" branch="false"/>
            <line number="228" hits="255" branch="false"/>
            <line number="229" hits="255" branch="false"/>
            <line number="230" hits="255" branch="true" condition-coverage="100% (2/2)"/>
            <line number="231" hits="1" branch="true" condition-coverage="50% (1/2)"/>
            <line number="232" hits="1" branch="false"/>
            <line number="234" hits="255" branch="true" condition-coverage="100% (2/2)"/>
            <line number="235" hits="68" branch="false"/>
            <line number="239" hits="255" branch="true" condition-coverage="100% (2/2)"/>
            <line number="240" hits="229" branch="false"/>
            <line number="247" hits="26" branch="false"/>
            <line number="254" hits="26" branch="false"/>
            <line number="263" hits="257" branch="false"/>
            <line number="266" hits="25" branch="false"/>
            <line number="276" hits="259" branch="false"/>
            <line number="277" hits="259" branch="false"/>
            <line number="278" hits="259" branch="true" condition-coverage="100% (2/2)"/>
            <line number="279" hits="259" branch="true" condition-coverage="100% (2/2)"/>
            <line number="280" hits="113" branch="false"/>
            <line number="282" hits="113" branch="false"/>
            <line number="283" hits="113" branch="true" condition-coverage="75% (3/4)"/>
            <line number="284" hits="0" branch="false"/>
            <line number="285" hits="0" branch="true" condition-coverage="0% (0/2)"/>
            <line number="287" hits="113" branch="true" condition-coverage="50% (1/2)"/>
            <line number="288" hits="0" branch="false"/>
            <line number="290" hits="146" branch="true" condition-coverage="100% (2/2)"/>
            <line number="291" hits="137" branch="true" condition-coverage="50% (1/2)"/>
            <line number="292" hits="137" branch="false"/>
            <line number="293" hits="137" branch="true" condition-coverage="75% (3/4)"/>
            <line number="294" hits="0" branch="false"/>
            <line number="297" hits="137" branch="true" condition-coverage="100% (2/2)"/>
            <line number="298" hits="1" branch="false"/>
            <line number="300" hits="9" branch="true" condition-coverage="100% (2/2)"/>
            <line number="302" hits="8" branch="false"/>
            <line number="303" hits="1" branch="true" condition-coverage="50% (1/2)"/>
            <line number="305" hits="1" branch="false"/>
            <line number="306" hits="1" branch="true" condition-coverage="50% (1/2)"/>
            <line number="307" hits="1" branch="false"/>
            <line number="308" hits="1" branch="true" condition-coverage="75% (3/4)"/>
            <line number="309" hits="0" branch="false"/>
            <line number="310" hits="1" branch="true" condition-coverage="50% (2/4)"/>
            <line number="311" hits="0" branch="false"/>
            <line number="314" hits="0" branch="true" condition-coverage="0% (0/2)"/>
            <line number="315" hits="0" branch="false"/>
            <line number="317" hits="259" branch="false"/>
            <line number="319" hits="25" branch="false"/>
            <line number="320" hits="0" branch="true" condition-coverage="0% (0/4)"/>
            <line number="321" hits="0" branch="false"/>
            <line number="322" hits="0" branch="true" condition-coverage="0% (0/4)"/>
            <line number="323" hits="0" branch="true" condition-coverage="0% (0/4)"/>
            <line number="324" hits="0" branch="false"/>
            <line number="327" hits="25" branch="false"/>
            <line number="328" hits="0" branch="true" condition-coverage="0% (0/2)"/>
            <line number="329" hits="0" branch="true" condition-coverage="0% (0/5)"/>
            <line number="330" hits="0" branch="false"/>
            <line number="340" hits="25" branch="false"/>
            <line number="362" hits="0" branch="false"/>
            <line number="363" hits="0" branch="true" condition-coverage="0% (0/2)"/>
            <line number="364" hits="0" branch="true" condition-coverage="0% (0/2)"/>
            <line number="365" hits="0" branch="true" condition-coverage="0% (0/5)"/>
            <line number="367" hits="0" branch="false"/>
            <line number="368" hits="0" branch="false"/>
            <line number="369" hits="0" branch="true" condition-coverage="0% (0/2)"/>
            <line number="370" hits="0" branch="true" condition-coverage="0% (0/2)"/>
            <line number="371" hits="0" branch="false"/>
            <line number="374" hits="0" branch="false"/>
            <line number="377" hits="0" branch="true" condition-coverage="0% (0/5)"/>
            <line number="378" hits="0" branch="false"/>
            <line number="380" hits="0" branch="true" condition-coverage="0% (0/2)"/>
            <line number="382" hits="0" branch="true" condition-coverage="0% (0/4)"/>
            <line number="383" hits="0" branch="true" condition-coverage="0% (0/2)"/>
            <line number="384" hits="0" branch="true" condition-coverage="0% (0/2)"/>
            <line number="386" hits="0" branch="false"/>
            <line number="387" hits="0" branch="false"/>
            <line number="388" hits="0" branch="false"/>
            <line number="389" hits="0" branch="true" condition-coverage="0% (0/2)"/>
            <line number="390" hits="0" branch="true" condition-coverage="0% (0/2)"/>
            <line number="398" hits="0" branch="false"/>
            <line number="399" hits="0" branch="true" condition-coverage="0% (0/4)"/>
            <line number="400" hits="0" branch="false"/>
            <line number="401" hits="0" branch="false"/>
            <line number="405" hits="0" branch="true" condition-coverage="0% (0/4)"/>
            <line number="406" hits="0" branch="false"/>
            <line number="407" hits="0" branch="false"/>
            <line number="409" hits="0" branch="true" condition-coverage="0% (0/2)"/>
            <line number="410" hits="0" branch="true" condition-coverage="0% (0/2)"/>
            <line number="411" hits="0" branch="false"/>
            <line number="413" hits="0" branch="false"/>
            <line number="416" hits="0" branch="false"/>
            <line number="419" hits="0" branch="true" condition-coverage="0% (0/2)"/>
            <line number="420" hits="0" branch="false"/>
            <line number="422" hits="0" branch="false"/>
            <line number="428" hits="0" branch="true" condition-coverage="0% (0/2)"/>
            <line number="432" hits="0" branch="false"/>
            <line number="434" hits="0" branch="true" condition-coverage="0% (0/2)"/>
            <line number="435" hits="0" branch="false"/>
            <line number="436" hits="0" branch="false"/>
            <line number="438" hits="0" branch="false"/>
            <line number="440" hits="25" branch="false"/>
            <line number="455" hits="0" branch="false"/>
            <line number="456" hits="0" branch="true" condition-coverage="0% (0/2)"/>
            <line number="457" hits="0" branch="true" condition-coverage="0% (0/2)"/>
            <line number="458" hits="0" branch="false"/>
            <line number="460" hits="0" branch="true" condition-coverage="0% (0/2)"/>
            <line number="463" hits="0" branch="false"/>
            <line number="465" hits="0" branch="false"/>
            <line number="474" hits="0" branch="true" condition-coverage="0% (0/2)"/>
            <line number="475" hits="0" branch="false"/>
            <line number="477" hits="0" branch="true" condition-coverage="0% (0/2)"/>
            <line number="478" hits="0" branch="false"/>
            <line number="480" hits="0" branch="true" condition-coverage="0% (0/2)"/>
            <line number="481" hits="0" branch="false"/>
            <line number="482" hits="0" branch="true" condition-coverage="0% (0/2)"/>
            <line number="483" hits="0" branch="false"/>
            <line number="486" hits="0" branch="true" condition-coverage="0% (0/2)"/>
            <line number="487" hits="0" branch="true" condition-coverage="0% (0/5)"/>
            <line number="490" hits="0" branch="false"/>
            <line number="491" hits="0" branch="true" condition-coverage="0% (0/2)"/>
            <line number="492" hits="0" branch="false"/>
            <line number="493" hits="0" branch="false"/>
            <line number="496" hits="0" branch="false"/>
            <line number="497" hits="0" branch="true" condition-coverage="0% (0/2)"/>
            <line number="498" hits="0" branch="false"/>
            <line number="499" hits="0" branch="false"/>
            <line number="501" hits="0" branch="false"/>
            <line number="503" hits="0" branch="false"/>
            <line number="506" hits="0" branch="false"/>
            <line number="507" hits="0" branch="false"/>
            <line number="509" hits="0" branch="false"/>
            <line number="511" hits="25" branch="false"/>
            <line number="512" hits="0" branch="true" condition-coverage="0% (0/2)"/>
            <line number="513" hits="0" branch="true" condition-coverage="0% (0/2)"/>
            <line number="514" hits="0" branch="true" condition-coverage="0% (0/2)"/>
            <line number="515" hits="0" branch="false"/>
            <line number="516" hits="0" branch="false"/>
            <line number="517" hits="0" branch="false"/>
            <line number="518" hits="0" branch="false"/>
            <line number="519" hits="0" branch="false"/>
            <line number="521" hits="0" branch="false"/>
            <line number="523" hits="25" branch="false"/>
            <line number="524" hits="0" branch="false"/>
            <line number="525" hits="0" branch="false"/>
            <line number="526" hits="0" branch="true" condition-coverage="0% (0/2)"/>
            <line number="527" hits="0" branch="false"/>
            <line number="529" hits="0" branch="false"/>
            <line number="530" hits="0" branch="true" condition-coverage="0% (0/2)"/>
            <line number="531" hits="0" branch="false"/>
            <line number="532" hits="0" branch="false"/>
            <line number="534" hits="0" branch="false"/>
            <line number="537" hits="0" branch="false"/>
            <line number="539" hits="25" branch="false"/>
            <line number="540" hits="0" branch="true" condition-coverage="0% (0/2)"/>
            <line number="543" hits="0" branch="true" condition-coverage="0% (0/2)"/>
            <line number="545" hits="0" branch="false"/>
            <line number="547" hits="0" branch="true" condition-coverage="0% (0/3)"/>
            <line number="550" hits="0" branch="false"/>
            <line number="551" hits="0" branch="true" condition-coverage="0% (0/2)"/>
            <line number="552" hits="0" branch="true" condition-coverage="0% (0/2)"/>
            <line number="556" hits="0" branch="false"/>
            <line number="557" hits="0" branch="false"/>
            <line number="560" hits="0" branch="true" condition-coverage="0% (0/2)"/>
            <line number="561" hits="0" branch="false"/>
            <line number="562" hits="0" branch="false"/>
            <line number="566" hits="0" branch="false"/>
            <line number="569" hits="0" branch="true" condition-coverage="0% (0/2)"/>
            <line number="570" hits="0" branch="false"/>
            <line number="573" hits="0" branch="true" condition-coverage="0% (0/2)"/>
            <line number="577" hits="0" branch="true" condition-coverage="0% (0/2)"/>
            <line number="578" hits="0" branch="false"/>
            <line number="580" hits="0" branch="false"/>
            <line number="584" hits="25" branch="false"/>
            <line number="586" hits="8429" branch="true" condition-coverage="75% (3/4)"/>
            <line number="590" hits="25" branch="false"/>
            <line number="591" hits="358" branch="false"/>
            <line number="599" hits="358" branch="true" condition-coverage="50% (1/2)"/>
            <line number="600" hits="358" branch="false"/>
            <line number="602" hits="0" branch="true" condition-coverage="0% (0/2)"/>
            <line number="605" hits="0" branch="false"/>
            <line number="607" hits="358" branch="false"/>
            <line number="612" hits="358" branch="true" condition-coverage="50% (1/2)"/>
            <line number="613" hits="358" branch="true" condition-coverage="50% (1/2)"/>
            <line number="616" hits="358" branch="true" condition-coverage="50% (1/2)"/>
            <line number="619" hits="358" branch="true" condition-coverage="50% (1/2)"/>
            <line number="622" hits="358" branch="false"/>
            <line number="629" hits="0" branch="true" condition-coverage="0% (0/2)"/>
            <line number="630" hits="0" branch="false"/>
            <line number="632" hits="0" branch="false"/>
            <line number="635" hits="358" branch="true" condition-coverage="100% (2/2)"/>
            <line number="636" hits="358" branch="true" condition-coverage="100% (2/2)"/>
            <line number="637" hits="358" branch="true" condition-coverage="50% (1/2)"/>
            <line number="640" hits="358" branch="true" condition-coverage="60% (3/5)"/>
            <line number="641" hits="0" branch="true" condition-coverage="0% (0/2)"/>
            <line number="642" hits="0" branch="false"/>
            <line number="644" hits="0" branch="false"/>
            <line number="648" hits="358" branch="false"/>
            <line number="650" hits="25" branch="false"/>
            <line number="651" hits="26" branch="false"/>
            <line number="660" hits="26" branch="false"/>
            <line number="662" hits="26" branch="true" condition-coverage="50% (1/2)"/>
            <line number="663" hits="26" branch="false"/>
            <line number="665" hits="26" branch="false"/>
            <line number="667" hits="0" branch="true" condition-coverage="0% (0/2)"/>
            <line number="668" hits="0" branch="false"/>
            <line number="670" hits="0" branch="false"/>
            <line number="673" hits="26" branch="false"/>
            <line number="675" hits="25" branch="false"/>
            <line number="676" hits="587" branch="true" condition-coverage="50% (1/2)"/>
            <line number="677" hits="0" branch="false"/>
            <line number="680" hits="587" branch="false"/>
            <line number="708" hits="587" branch="false"/>
            <line number="710" hits="587" branch="false"/>
            <line number="713" hits="587" branch="false"/>
            <line number="715" hits="587" branch="true" condition-coverage="100% (4/4)"/>
            <line number="716" hits="2" branch="false"/>
            <line number="719" hits="585" branch="false"/>
            <line number="720" hits="585" branch="true" condition-coverage="100% (2/2)"/>
            <line number="721" hits="580" branch="false"/>
            <line number="723" hits="580" branch="true" condition-coverage="100% (2/2)"/>
            <line number="727" hits="97" branch="true" condition-coverage="100% (2/2)"/>
            <line number="732" hits="580" branch="true" condition-coverage="100% (2/2)"/>
            <line number="733" hits="149" branch="false"/>
            <line number="736" hits="5" branch="true" condition-coverage="100% (2/2)"/>
            <line number="740" hits="1" branch="false"/>
            <line number="742" hits="5" branch="true" condition-coverage="50% (1/2)"/>
            <line number="743" hits="0" branch="false"/>
            <line number="746" hits="585" branch="false"/>
            <line number="747" hits="585" branch="false"/>
            <line number="749" hits="585" branch="true" condition-coverage="50% (1/2)"/>
            <line number="750" hits="585" branch="false"/>
            <line number="752" hits="0" branch="false"/>
            <line number="755" hits="585" branch="true" condition-coverage="50% (1/2)"/>
            <line number="757" hits="0" branch="true" condition-coverage="0% (0/2)"/>
            <line number="758" hits="0" branch="false"/>
            <line number="759" hits="0" branch="true" condition-coverage="0% (0/2)"/>
            <line number="760" hits="0" branch="true" condition-coverage="0% (0/2)"/>
            <line number="761" hits="0" branch="true" condition-coverage="0% (0/2)"/>
            <line number="762" hits="0" branch="true" condition-coverage="0% (0/2)"/>
            <line number="765" hits="0" branch="true" condition-coverage="0% (0/2)"/>
            <line number="766" hits="0" branch="false"/>
            <line number="767" hits="0" branch="false"/>
            <line number="768" hits="0" branch="false"/>
            <line number="773" hits="0" branch="false"/>
            <line number="774" hits="0" branch="true" condition-coverage="0% (0/2)"/>
            <line number="778" hits="585" branch="false"/>
            <line number="781" hits="25" branch="false"/>
            <line number="782" hits="3324" branch="true" condition-coverage="100% (4/4)"/>
            <line number="783" hits="11" branch="false"/>
            <line number="785" hits="3313" branch="true" condition-coverage="50% (1/2)"/>
            <line number="786" hits="0" branch="false"/>
            <line number="788" hits="3313" branch="true" condition-coverage="100% (2/2)"/>
            <line number="791" hits="25" branch="false"/>
            <line number="792" hits="434" branch="true" condition-coverage="100% (4/4)"/>
            <line number="793" hits="8" branch="false"/>
            <line number="795" hits="426" branch="false"/>
            <line number="798" hits="25" branch="false"/>
            <line number="799" hits="358" branch="true" condition-coverage="100% (2/2)"/>
            <line number="802" hits="25" branch="false"/>
            <line number="803" hits="1" branch="true" condition-coverage="50% (1/2)"/>
            <line number="804" hits="1" branch="true" condition-coverage="50% (1/2)"/>
            <line number="805" hits="0" branch="false"/>
            <line number="807" hits="1" branch="false"/>
            <line number="809" hits="0" branch="true" condition-coverage="0% (0/2)"/>
            <line number="810" hits="0" branch="false"/>
            <line number="812" hits="0" branch="false"/>
            <line number="816" hits="25" branch="false"/>
            <line number="823" hits="1" branch="true" condition-coverage="50% (1/2)"/>
            <line number="824" hits="0" branch="false"/>
            <line number="825" hits="0" branch="true" condition-coverage="0% (0/2)"/>
            <line number="826" hits="0" branch="true" condition-coverage="0% (0/4)"/>
            <line number="827" hits="0" branch="false"/>
            <line number="829" hits="1" branch="true" condition-coverage="50% (1/2)"/>
            <line number="830" hits="0" branch="false"/>
            <line number="832" hits="1" branch="false"/>
            <line number="835" hits="25" branch="false"/>
            <line number="842" hits="0" branch="true" condition-coverage="0% (0/2)"/>
            <line number="843" hits="0" branch="false"/>
            <line number="844" hits="0" branch="true" condition-coverage="0% (0/2)"/>
            <line number="845" hits="0" branch="true" condition-coverage="0% (0/4)"/>
            <line number="846" hits="0" branch="false"/>
            <line number="848" hits="0" branch="true" condition-coverage="0% (0/2)"/>
            <line number="849" hits="0" branch="false"/>
            <line number="851" hits="0" branch="false"/>
            <line number="854" hits="25" branch="false"/>
            <line number="855" hits="0" branch="false"/>
            <line number="861" hits="25" branch="false"/>
            <line number="864" hits="60" branch="false"/>
            <line number="865" hits="3120" branch="true" condition-coverage="100% (2/2)"/>
            <line number="866" hits="2916" branch="false"/>
            <line number="868" hits="3120" branch="false"/>
          </lines>
        </class>
      </classes>
    </package>
  </packages>
</coverage>
